[    0.000000] Initializing cgroup subsys cpuset
[    0.000000] Initializing cgroup subsys cpu
[    0.000000] Initializing cgroup subsys cpuacct
[    0.000000] Linux version 4.4.0-87-generic (buildd@lcy01-31) (gcc version 5.4.0 20160609 (Ubuntu 5.4.0-6ubuntu1~16.04.4) ) #110-Ubuntu SMP Tue Jul 18 12:55:35 UTC 2017 (Ubuntu 4.4.0-87.110-generic 4.4.73)
[    0.000000] Command line: BOOT_IMAGE=/boot/vmlinuz-4.4.0-87-generic root=LABEL=cloudimg-rootfs ro console=tty1 console=ttyS0
[    0.000000] KERNEL supported cpus:
[    0.000000]   Intel GenuineIntel
[    0.000000]   AMD AuthenticAMD
[    0.000000]   Centaur CentaurHauls
[    0.000000] x86/fpu: xstate_offset[2]:  576, xstate_sizes[2]:  256
[    0.000000] x86/fpu: Supporting XSAVE feature 0x01: 'x87 floating point registers'
[    0.000000] x86/fpu: Supporting XSAVE feature 0x02: 'SSE registers'
[    0.000000] x86/fpu: Supporting XSAVE feature 0x04: 'AVX registers'
[    0.000000] x86/fpu: Enabled xstate features 0x7, context size is 832 bytes, using 'standard' format.
[    0.000000] x86/fpu: Using 'lazy' FPU context switches.
[    0.000000] e820: BIOS-provided physical RAM map:
[    0.000000] BIOS-e820: [mem 0x0000000000000000-0x000000000009fbff] usable
[    0.000000] BIOS-e820: [mem 0x000000000009fc00-0x000000000009ffff] reserved
[    0.000000] BIOS-e820: [mem 0x00000000000f0000-0x00000000000fffff] reserved
[    0.000000] BIOS-e820: [mem 0x0000000000100000-0x000000003ffeffff] usable
[    0.000000] BIOS-e820: [mem 0x000000003fff0000-0x000000003fffffff] ACPI data
[    0.000000] BIOS-e820: [mem 0x00000000fec00000-0x00000000fec00fff] reserved
[    0.000000] BIOS-e820: [mem 0x00000000fee00000-0x00000000fee00fff] reserved
[    0.000000] BIOS-e820: [mem 0x00000000fffc0000-0x00000000ffffffff] reserved
[    0.000000] NX (Execute Disable) protection: active
[    0.000000] SMBIOS 2.5 present.
[    0.000000] Hypervisor detected: KVM
[    0.000000] e820: last_pfn = 0x3fff0 max_arch_pfn = 0x400000000
[    0.000000] MTRR: Disabled
[    0.000000] x86/PAT: MTRRs disabled, skipping PAT initialization too.
[    0.000000] x86/PAT: Configuration [0-7]: WB  WT  UC- UC  WB  WT  UC- UC  
[    0.000000] CPU MTRRs all blank - virtualized system.
[    0.000000] found SMP MP-table at [mem 0x0009fff0-0x0009ffff] mapped at [ffff88000009fff0]
[    0.000000] Scanning 1 areas for low memory corruption
[    0.000000] RAMDISK: [mem 0x36ae2000-0x37568fff]
[    0.000000] ACPI: Early table checksum verification disabled
[    0.000000] ACPI: RSDP 0x00000000000E0000 000024 (v02 VBOX  )
[    0.000000] ACPI: XSDT 0x000000003FFF0030 00003C (v01 VBOX   VBOXXSDT 00000001 ASL  00000061)
[    0.000000] ACPI: FACP 0x000000003FFF00F0 0000F4 (v04 VBOX   VBOXFACP 00000001 ASL  00000061)
[    0.000000] ACPI: DSDT 0x000000003FFF0470 0021C8 (v02 VBOX   VBOXBIOS 00000002 INTL 20100528)
[    0.000000] ACPI: FACS 0x000000003FFF0200 000040
[    0.000000] ACPI: FACS 0x000000003FFF0200 000040
[    0.000000] ACPI: APIC 0x000000003FFF0240 00005C (v02 VBOX   VBOXAPIC 00000001 ASL  00000061)
[    0.000000] ACPI: SSDT 0x000000003FFF02A0 0001CC (v01 VBOX   VBOXCPUT 00000002 INTL 20100528)
[    0.000000] No NUMA configuration found
[    0.000000] Faking a node at [mem 0x0000000000000000-0x000000003ffeffff]
[    0.000000] NODE_DATA(0) allocated [mem 0x3ffeb000-0x3ffeffff]
[    0.000000] kvm-clock: Using msrs 4b564d01 and 4b564d00
[    0.000000] kvm-clock: cpu 0, msr 0:3ffe3001, primary cpu clock
[    0.000000] kvm-clock: using sched offset of 3921496992 cycles
[    0.000000] clocksource: kvm-clock: mask: 0xffffffffffffffff max_cycles: 0x1cd42e4dffb, max_idle_ns: 881590591483 ns
[    0.000000] Zone ranges:
[    0.000000]   DMA      [mem 0x0000000000001000-0x0000000000ffffff]
[    0.000000]   DMA32    [mem 0x0000000001000000-0x000000003ffeffff]
[    0.000000]   Normal   empty
[    0.000000]   Device   empty
[    0.000000] Movable zone start for each node
[    0.000000] Early memory node ranges
[    0.000000]   node   0: [mem 0x0000000000001000-0x000000000009efff]
[    0.000000]   node   0: [mem 0x0000000000100000-0x000000003ffeffff]
[    0.000000] Initmem setup node 0 [mem 0x0000000000001000-0x000000003ffeffff]
[    0.000000] ACPI: PM-Timer IO Port: 0x4008
[    0.000000] IOAPIC[0]: apic_id 2, version 32, address 0xfec00000, GSI 0-23
[    0.000000] ACPI: INT_SRC_OVR (bus 0 bus_irq 0 global_irq 2 dfl dfl)
[    0.000000] ACPI: INT_SRC_OVR (bus 0 bus_irq 9 global_irq 9 high level)
[    0.000000] Using ACPI (MADT) for SMP configuration information
[    0.000000] smpboot: Allowing 2 CPUs, 0 hotplug CPUs
[    0.000000] PM: Registered nosave memory: [mem 0x00000000-0x00000fff]
[    0.000000] PM: Registered nosave memory: [mem 0x0009f000-0x0009ffff]
[    0.000000] PM: Registered nosave memory: [mem 0x000a0000-0x000effff]
[    0.000000] PM: Registered nosave memory: [mem 0x000f0000-0x000fffff]
[    0.000000] e820: [mem 0x40000000-0xfebfffff] available for PCI devices
[    0.000000] Booting paravirtualized kernel on KVM
[    0.000000] clocksource: refined-jiffies: mask: 0xffffffff max_cycles: 0xffffffff, max_idle_ns: 7645519600211568 ns
[    0.000000] setup_percpu: NR_CPUS:512 nr_cpumask_bits:512 nr_cpu_ids:2 nr_node_ids:1
[    0.000000] PERCPU: Embedded 33 pages/cpu @ffff88003fc00000 s98264 r8192 d28712 u1048576
[    0.000000] PV qspinlock hash table entries: 256 (order: 0, 4096 bytes)
[    0.000000] Built 1 zonelists in Node order, mobility grouping on.  Total pages: 257913
[    0.000000] Policy zone: DMA32
[    0.000000] Kernel command line: BOOT_IMAGE=/boot/vmlinuz-4.4.0-87-generic root=LABEL=cloudimg-rootfs ro console=tty1 console=ttyS0
[    0.000000] PID hash table entries: 4096 (order: 3, 32768 bytes)
[    0.000000] Memory: 1001796K/1048120K available (8474K kernel code, 1293K rwdata, 3984K rodata, 1488K init, 1316K bss, 46324K reserved, 0K cma-reserved)
[    0.000000] SLUB: HWalign=64, Order=0-3, MinObjects=0, CPUs=2, Nodes=1
[    0.000000] Hierarchical RCU implementation.
[    0.000000] 	Build-time adjustment of leaf fanout to 64.
[    0.000000] 	RCU restricting CPUs from NR_CPUS=512 to nr_cpu_ids=2.
[    0.000000] RCU: Adjusting geometry for rcu_fanout_leaf=64, nr_cpu_ids=2
[    0.000000] NR_IRQS:33024 nr_irqs:440 16
[    0.000000] Console: colour VGA+ 80x25
[    0.000000] console [tty1] enabled
[    0.000000] console [ttyS0] enabled
[    0.000000] tsc: Detected 2693.776 MHz processor
[    1.028313] Calibrating delay loop (skipped) preset value.. 5387.55 BogoMIPS (lpj=10775104)
[    1.054049] pid_max: default: 32768 minimum: 301
[    1.054951] ACPI: Core revision 20150930
[    1.063161] ACPI: 2 ACPI AML tables successfully acquired and loaded
[    1.070515] Security Framework initialized
[    1.071286] Yama: becoming mindful.
[    1.071986] AppArmor: AppArmor initialized
[    1.096518] Dentry cache hash table entries: 131072 (order: 8, 1048576 bytes)
[    1.097873] Inode-cache hash table entries: 65536 (order: 7, 524288 bytes)
[    1.108582] Mount-cache hash table entries: 2048 (order: 2, 16384 bytes)
[    1.118186] Mountpoint-cache hash table entries: 2048 (order: 2, 16384 bytes)
[    1.127063] Initializing cgroup subsys io
[    1.129081] Initializing cgroup subsys memory
[    1.135391] Initializing cgroup subsys devices
[    1.138949] Initializing cgroup subsys freezer
[    1.194741] Initializing cgroup subsys net_cls
[    1.195564] Initializing cgroup subsys perf_event
[    1.197809] Initializing cgroup subsys net_prio
[    1.202605] Initializing cgroup subsys hugetlb
[    1.203415] Initializing cgroup subsys pids
[    1.204280] CPU: Physical Processor ID: 0
[    1.205035] CPU: Processor Core ID: 0
[    1.206625] mce: CPU supports 0 MCE banks
[    1.214876] Last level iTLB entries: 4KB 1024, 2MB 1024, 4MB 1024
[    1.226485] Last level dTLB entries: 4KB 1024, 2MB 1024, 4MB 1024, 1GB 4
[    1.229485] Freeing SMP alternatives memory: 32K (ffffffff820b9000 - ffffffff820c1000)
[    1.240049] ftrace: allocating 32128 entries in 126 pages
[    1.302581] smpboot: APIC(0) Converting physical 0 to logical package 0
[    1.332108] smpboot: Max logical packages: 1
[    1.333181] x2apic enabled
[    1.334019] Switched APIC routing to physical x2apic.
[    1.336032] ..TIMER: vector=0x30 apic1=0 pin1=2 apic2=-1 pin2=-1
[    1.462172] smpboot: CPU0: Intel(R) Core(TM) i5-4430S CPU @ 2.70GHz (family: 0x6, model: 0x3c, stepping: 0x3)
[    1.510765] Performance Events: unsupported p6 CPU model 60 no PMU driver, software events only.
[    1.512500] KVM setup paravirtual spinlock
[    1.513968] x86: Booting SMP configuration:
[    1.523220] .... node  #0, CPUs:      #1
[    1.524033] kvm-clock: cpu 1, msr 0:3ffe3041, secondary cpu clock
[    1.544098] mce: CPU supports 0 MCE banks
[    1.548059] x86: Booted up 1 node, 2 CPUs
[    1.553417] smpboot: Total of 2 processors activated (10775.10 BogoMIPS)
[    1.554939] devtmpfs: initialized
[    1.565435] evm: security.selinux
[    1.569469] evm: security.SMACK64
[    1.574724] evm: security.SMACK64EXEC
[    1.575439] evm: security.SMACK64TRANSMUTE
[    1.576198] evm: security.SMACK64MMAP
[    1.576904] evm: security.ima
[    1.583823] evm: security.capability
[    1.584799] clocksource: jiffies: mask: 0xffffffff max_cycles: 0xffffffff, max_idle_ns: 7645041785100000 ns
[    1.587990] futex hash table entries: 512 (order: 3, 32768 bytes)
[    1.591398] pinctrl core: initialized pinctrl subsystem
[    1.650193] RTC time: 18:05:27, date: 08/21/17
[    1.662646] NET: Registered protocol family 16
[    1.722467] cpuidle: using governor ladder
[    1.794494] cpuidle: using governor menu
[    1.866442] PCCT header not found.
[    1.945007] ACPI: bus type PCI registered
[    2.042540] acpiphp: ACPI Hot Plug PCI Controller Driver version: 0.5
[    2.200153] PCI: Using configuration type 1 for base access
[    2.332118] ACPI: Added _OSI(Module Device)
[    2.416825] ACPI: Added _OSI(Processor Device)
[    2.451339] ACPI: Added _OSI(3.0 _SCP Extensions)
[    2.455399] ACPI: Added _OSI(Processor Aggregator Device)
[    2.470350] ACPI: Executed 1 blocks of module-level executable AML code
[    2.480740] ACPI: Interpreter enabled
[    2.499881] ACPI: (supports S0 S5)
[    2.512354] ACPI: Using IOAPIC for interrupt routing
[    2.516902] PCI: Using host bridge windows from ACPI; if necessary, use "pci=nocrs" and report a bug
[    2.521970] ACPI: PCI Root Bridge [PCI0] (domain 0000 [bus 00-ff])
[    2.528309] acpi PNP0A03:00: _OSC: OS supports [ASPM ClockPM Segments MSI]
[    2.540092] acpi PNP0A03:00: _OSC failed (AE_NOT_FOUND); disabling ASPM
[    2.549713] acpi PNP0A03:00: fail to add MMCONFIG information, can't access extended PCI configuration space under this bridge.
[    2.583449] PCI host bridge to bus 0000:00
[    2.593505] pci_bus 0000:00: root bus resource [io  0x0000-0x0cf7 window]
[    2.594634] pci_bus 0000:00: root bus resource [io  0x0d00-0xffff window]
[    2.595730] pci_bus 0000:00: root bus resource [mem 0x000a0000-0x000bffff window]
[    2.597041] pci_bus 0000:00: root bus resource [mem 0x40000000-0xffdfffff window]
[    2.598458] pci_bus 0000:00: root bus resource [bus 00-ff]
[    2.634245] pci 0000:00:01.1: legacy IDE quirk: reg 0x10: [io  0x01f0-0x01f7]
[    2.693838] pci 0000:00:01.1: legacy IDE quirk: reg 0x14: [io  0x03f6]
[    2.694845] pci 0000:00:01.1: legacy IDE quirk: reg 0x18: [io  0x0170-0x0177]
[    2.757109] pci 0000:00:01.1: legacy IDE quirk: reg 0x1c: [io  0x0376]
[    2.836227] pci 0000:00:07.0: quirk: [io  0x4000-0x403f] claimed by PIIX4 ACPI
[    2.843912] pci 0000:00:07.0: quirk: [io  0x4100-0x410f] claimed by PIIX4 SMB
[    2.859553] ACPI: PCI Interrupt Link [LNKA] (IRQs 5 9 10 *11)
[    2.970957] ACPI: PCI Interrupt Link [LNKB] (IRQs 5 9 10 *11)
[    3.008950] ACPI: PCI Interrupt Link [LNKC] (IRQs 5 9 *10 11)
[    3.107928] ACPI: PCI Interrupt Link [LNKD] (IRQs 5 *9 10 11)
[    3.199923] ACPI: Enabled 2 GPEs in block 00 to 07
[    3.299831] vgaarb: setting as boot device: PCI:0000:00:02.0
[    3.429729] vgaarb: device added: PCI:0000:00:02.0,decodes=io+mem,owns=io+mem,locks=none
[    3.534181] vgaarb: loaded
[    3.576383] vgaarb: bridge control possible 0000:00:02.0
[    3.610420] SCSI subsystem initialized
[    3.612774] ACPI: bus type USB registered
[    3.619759] usbcore: registered new interface driver usbfs
[    3.635724] usbcore: registered new interface driver hub
[    3.686699] usbcore: registered new device driver usb
[    3.777441] PCI: Using ACPI for IRQ routing
[    3.821847] NetLabel: Initializing
[    3.861367] NetLabel:  domain hash size = 128
[    3.904394] NetLabel:  protocols = UNLABELED CIPSOv4
[    3.906865] NetLabel:  unlabeled traffic allowed by default
[    3.981183] amd_nb: Cannot enumerate AMD northbridges
[    4.071630] clocksource: Switched to clocksource kvm-clock
[    4.365850] AppArmor: AppArmor Filesystem Enabled
[    4.439354] pnp: PnP ACPI init
[    4.530748] pnp: PnP ACPI: found 3 devices
[    4.616601] clocksource: acpi_pm: mask: 0xffffff max_cycles: 0xffffff, max_idle_ns: 2085701024 ns
[    4.755597] NET: Registered protocol family 2
[    4.763322] TCP established hash table entries: 8192 (order: 4, 65536 bytes)
[    4.764495] TCP bind hash table entries: 8192 (order: 5, 131072 bytes)
[    4.765748] TCP: Hash tables configured (established 8192 bind 8192)
[    4.917312] UDP hash table entries: 512 (order: 2, 16384 bytes)
[    5.036542] UDP-Lite hash table entries: 512 (order: 2, 16384 bytes)
[    5.061675] NET: Registered protocol family 1
[    5.171535] pci 0000:00:00.0: Limiting direct PCI/PCI transfers
[    5.329314] pci 0000:00:01.0: Activating ISA DMA hang workarounds
[    5.477358] Unpacking initramfs...
[    7.409011] Freeing initrd memory: 10780K (ffff880036ae2000 - ffff880037569000)
[    7.612626] RAPL PMU detected, API unit is 2^-32 Joules, 4 fixed counters 10737418240 ms ovfl timer
[    7.773229] hw unit of domain pp0-core 2^-0 Joules
[    7.773999] hw unit of domain package 2^-0 Joules
[    7.774811] hw unit of domain dram 2^-0 Joules
[    7.803962] hw unit of domain pp1-gpu 2^-0 Joules
[    7.926164] platform rtc_cmos: registered platform RTC device (no PNP device found)
[    8.008223] Scanning for low memory corruption every 60 seconds
[    8.023323] audit: initializing netlink subsys (disabled)
[    8.157846] audit: type=2000 audit(1503338736.496:1): initialized
[    8.264631] Initialise system trusted keyring
[    8.302959] HugeTLB registered 2 MB page size, pre-allocated 0 pages
[    8.455556] zbud: loaded
[    8.509291] VFS: Disk quotas dquot_6.6.0
[    8.624363] VFS: Dquot-cache hash table entries: 512 (order 0, 4096 bytes)
[    8.766350] squashfs: version 4.0 (2009/01/31) Phillip Lougher
[    8.771955] fuse init (API version 7.23)
[    8.855002] Key type big_key registered
[    8.855727] Allocating IMA MOK and blacklist keyrings.
[    8.986841] tsc: Refined TSC clocksource calibration: 2693.555 MHz
[    9.162844] clocksource: tsc: mask: 0xffffffffffffffff max_cycles: 0x26d37611e54, max_idle_ns: 440795305281 ns
[    9.163098] Key type asymmetric registered
[    9.163100] Asymmetric key parser 'x509' registered
[    9.163149] Block layer SCSI generic (bsg) driver version 0.4 loaded (major 249)
[    9.163174] io scheduler noop registered
[    9.163176] io scheduler deadline registered (default)
[    9.163205] io scheduler cfq registered
[    9.163301] pci_hotplug: PCI Hot Plug PCI Core version: 0.5
[    9.163322] pciehp: PCI Express Hot Plug Controller Driver version: 0.4
[    9.163449] ACPI: AC Adapter [AC] (on-line)
[    9.163499] input: Power Button as /devices/LNXSYSTM:00/LNXPWRBN:00/input/input0
[    9.163501] ACPI: Power Button [PWRF]
[    9.163565] input: Sleep Button as /devices/LNXSYSTM:00/LNXSLPBN:00/input/input1
[    9.163566] ACPI: Sleep Button [SLPF]
[    9.163690] GHES: HEST is not enabled!
[    9.346971] Serial: 8250/16550 driver, 32 ports, IRQ sharing enabled
[    9.404204] 00:02: ttyS0 at I/O 0x3f8 (irq = 4, base_baud = 115200) is a 16550A
[    9.543821] Linux agpgart interface v0.103
[    9.572318] loop: module loaded
[    9.572775] scsi host0: ata_piix
[    9.572825] scsi host1: ata_piix
[    9.572852] ata1: PATA max UDMA/33 cmd 0x1f0 ctl 0x3f6 bmdma 0xd000 irq 14
[    9.572853] ata2: PATA max UDMA/33 cmd 0x170 ctl 0x376 bmdma 0xd008 irq 15
[    9.572917] libphy: Fixed MDIO Bus: probed
[    9.572919] tun: Universal TUN/TAP device driver, 1.6
[    9.572919] tun: (C) 1999-2004 Max Krasnyansky <maxk@qualcomm.com>
[    9.573246] PPP generic driver version 2.4.2
[    9.573304] ehci_hcd: USB 2.0 'Enhanced' Host Controller (EHCI) Driver
[    9.573307] ehci-pci: EHCI PCI platform driver
[    9.573315] ehci-platform: EHCI generic platform driver
[    9.573322] ohci_hcd: USB 1.1 'Open' Host Controller (OHCI) Driver
[    9.573326] ohci-pci: OHCI PCI platform driver
[    9.573335] ohci-platform: OHCI generic platform driver
[    9.573340] uhci_hcd: USB Universal Host Controller Interface driver
[    9.573385] i8042: PNP: PS/2 Controller [PNP0303:PS2K,PNP0f03:PS2M] at 0x60,0x64 irq 1,12
[    9.574125] serio: i8042 KBD port at 0x60,0x64 irq 1
[    9.574129] serio: i8042 AUX port at 0x60,0x64 irq 12
[    9.574223] mousedev: PS/2 mouse device common for all mice
[    9.574479] rtc_cmos rtc_cmos: rtc core: registered rtc_cmos as rtc0
[    9.574530] rtc_cmos rtc_cmos: alarms up to one day, 114 bytes nvram
[    9.574536] i2c /dev entries driver
[    9.574581] device-mapper: uevent: version 1.0.3
[    9.574627] device-mapper: ioctl: 4.34.0-ioctl (2015-10-28) initialised: dm-devel@redhat.com
[    9.574648] ledtrig-cpu: registered to indicate activity on CPUs
[    9.574876] NET: Registered protocol family 10
[    9.575027] NET: Registered protocol family 17
[    9.575035] Key type dns_resolver registered
[    9.623496] microcode: CPU0 sig=0x306c3, pf=0x40, revision=0x0
[    9.623520] microcode: CPU1 sig=0x306c3, pf=0x40, revision=0x0
[    9.623715] microcode: Microcode Update Driver: v2.01 <tigran@aivazian.fsnet.co.uk>, Peter Oruba
[    9.623874] registered taskstats version 1
[    9.623888] Loading compiled-in X.509 certificates
[    9.624521] Loaded X.509 cert 'Build time autogenerated kernel key: 713bc24ccc5bf0d11d706d6f5bf7187ed23f7b25'
[    9.624538] zswap: loaded using pool lzo/zbud
[    9.625815] Key type trusted registered
[    9.627801] Key type encrypted registered
[    9.627805] AppArmor: AppArmor sha1 policy hashing enabled
[    9.627807] ima: No TPM chip found, activating TPM-bypass!
[    9.627821] evm: HMAC attrs: 0x1
[    9.628110]   Magic number: 13:14:90
[    9.722178] rtc_cmos rtc_cmos: setting system clock to 2017-08-21 18:05:35 UTC (1503338735)
[    9.722339] BIOS EDD facility v0.16 2004-Jun-25, 0 devices found
[    9.722339] EDD information not available.
[   10.208065] input: AT Translated Set 2 keyboard as /devices/platform/i8042/serio0/input/input2
[   12.693179] Freeing unused kernel memory: 1488K (ffffffff81f45000 - ffffffff820b9000)
[   12.863908] Write protecting the kernel read-only data: 14336k
[   13.021699] Freeing unused kernel memory: 1756K (ffff880001849000 - ffff880001a00000)
[   13.112027] Freeing unused kernel memory: 112K (ffff880001de4000 - ffff880001e00000)
Loading, please [   13.127274] random: systemd-udevd: uninitialized urandom read (16 bytes read, 3 bits of entropy available)
wait...
starting version 229
[   13.127842] random: udevadm: uninitialized urandom read (16 bytes read, 3 bits of entropy available)
[   13.127914] random: udevadm: uninitialized urandom read (16 bytes read, 3 bits of entropy available)
[   13.128014] random: udevadm: uninitialized urandom read (16 bytes read, 3 bits of entropy available)
[   13.128048] random: udevadm: uninitialized urandom read (16 bytes read, 3 bits of entropy available)
[   13.128079] random: udevadm: uninitialized urandom read (16 bytes read, 3 bits of entropy available)
[   13.128111] random: udevadm: uninitialized urandom read (16 bytes read, 3 bits of entropy available)
[   13.128142] random: udevadm: uninitialized urandom read (16 bytes read, 3 bits of entropy available)
[   13.128171] random: udevadm: uninitialized urandom read (16 bytes read, 3 bits of entropy available)
[   13.128200] random: udevadm: uninitialized urandom read (16 bytes read, 3 bits of entropy available)
[   13.851557] e1000: Intel(R) PRO/1000 Network Driver - version 7.3.21-k8-NAPI
[   13.912323] e1000: Copyright (c) 1999-2006 Intel Corporation.
[   13.991923] Fusion MPT base driver 3.04.20
[   14.004883] Copyright (c) 1999-2008 LSI Corporation
[   14.011574] Fusion MPT SPI Host driver 3.04.20
[   14.043532] AVX version of gcm_enc/dec engaged.
[   14.150328] AES CTR mode by8 optimization enabled
[   14.246413] input: ImExPS/2 Generic Explorer Mouse as /devices/platform/i8042/serio1/input/input4
[   14.425797] e1000 0000:00:03.0 eth0: (PCI:33MHz:32-bit) 02:55:49:e6:89:8c
[   14.531539] e1000 0000:00:03.0 eth0: Intel(R) PRO/1000 Network Connection
[   14.661150] mptbase: ioc0: Initiating bringup
[   14.732105] ioc0: LSI53C1030 A0: Capabilities={Initiator}
[   15.040999] scsi host2: ioc0: LSI53C1030 A0, FwRev=00000000h, Ports=1, MaxQ=256, IRQ=20
[   15.383930] scsi 2:0:0:0: Direct-Access     VBOX     HARDDISK         1.0  PQ: 0 ANSI: 5
[   15.445434] scsi target2:0:0: Beginning Domain Validation
[   15.489805] scsi target2:0:0: Domain Validation skipping write tests
[   15.567453] scsi target2:0:0: Ending Domain Validation
[   15.635813] scsi target2:0:0: asynchronous
[   15.677982] scsi 2:0:1:0: Direct-Access     VBOX     HARDDISK         1.0  PQ: 0 ANSI: 5
[   15.686259] scsi target2:0:1: Beginning Domain Validation
[   15.689922] scsi target2:0:1: Domain Validation skipping write tests
[   15.707111] scsi target2:0:1: Ending Domain Validation
[   15.708179] scsi target2:0:1: asynchronous
[   15.720738] sd 2:0:0:0: Attached scsi generic sg0 type 0
[   15.745734] sd 2:0:0:0: [sda] 20971520 512-byte logical blocks: (10.7 GB/10.0 GiB)
[   15.766253] sd 2:0:0:0: [sda] Write Protect is off
[   15.769054] sd 2:0:0:0: [sda] Incomplete mode parameter data
[   15.773515] sd 2:0:0:0: [sda] Assuming drive cache: write through
[   15.775563] sd 2:0:1:0: Attached scsi generic sg1 type 0
[   15.785908] sd 2:0:1:0: [sdb] 20480 512-byte logical blocks: (10.5 MB/10.0 MiB)
[   15.798501] sd 2:0:1:0: [sdb] Write Protect is off
[   15.803092] sd 2:0:1:0: [sdb] Incomplete mode parameter data
[   15.810088] sd 2:0:1:0: [sdb] Assuming drive cache: write through
[   15.840447]  sda: sda1
[   15.854914] sd 2:0:0:0: [sda] Attached SCSI disk
[   15.873347] sd 2:0:1:0: [sdb] Attached SCSI disk
[   16.044946] e1000 0000:00:08.0 eth1: (PCI:33MHz:32-bit) 08:00:27:33:56:a7
[   16.182490] e1000 0000:00:08.0 eth1: Intel(R) PRO/1000 Network Connection
[   16.372062] e1000 0000:00:08.0 enp0s8: renamed from eth1
[   16.551945] e1000 0000:00:03.0 enp0s3: renamed from eth0
[   17.152574] floppy0: no floppy controllers found
Begin: Loading e[   18.684125] md: linear personality registered for level -1
ssential drivers[   18.729529] md: multipath personality registered for level -4
 ... [   18.794014] md: raid0 personality registered for level 0
[   18.844539] md: raid1 personality registered for level 1
[   18.940224] raid6: sse2x1   gen()  8278 MB/s
[   19.112266] raid6: sse2x1   xor()  6562 MB/s
[   19.284003] raid6: sse2x2   gen() 10326 MB/s
[   19.432466] raid6: sse2x2   xor()  7443 MB/s
[   19.603636] raid6: sse2x4   gen() 12953 MB/s
[   19.723641] raid6: sse2x4   xor()  8032 MB/s
[   19.755259] raid6: using algorithm sse2x4 gen() 12953 MB/s
[   19.768410] raid6: .... xor() 8032 MB/s, rmw enabled
[   19.791807] raid6: using ssse3x2 recovery algorithm
[   19.797336] xor: automatically using best checksumming function:
[   19.975989]    avx       : 18125.000 MB/sec
[   20.095370] async_tx: api initialized (async)
[   20.160503] md: raid6 personality registered for level 6
[   20.194436] md: raid5 personality registered for level 5
[   20.195335] md: raid4 personality registered for level 4
[   20.201713] md: raid10 personality registered for level 10
done.
Begin: Running /scripts/init-premount ... done[   20.329932] Btrfs loaded
.
Begin: Mounting root file system ... Begin: Running /scripts/local-top ... done.
Begin: Running /scripts/local-premount ... Scanning for Btrfs filesystems
done.
Warning: fsck not present, so skipping root file system
[   20.455530] EXT4-fs (sda1): mounted filesystem with ordered data mode. Opts: (null)
done.
Begin: Running /scripts/local-bottom ... done.
Begin: Running /scripts/init-bottom ... done.
[   21.241642] random: nonblocking pool is initialized
[   21.662804] systemd[1]: systemd 229 running in system mode. (+PAM +AUDIT +SELINUX +IMA +APPARMOR +SMACK +SYSVINIT +UTMP +LIBCRYPTSETUP +GCRYPT +GNUTLS +ACL +XZ -LZ4 +SECCOMP +BLKID +ELFUTILS +KMOD -IDN)
[   21.845949] systemd[1]: Detected virtualization oracle.
[   21.851899] systemd[1]: Detected architecture x86-64.

Welcome to [1mUbuntu 16.04.2 LTS[0m!

[   21.924590] systemd[1]: Set hostname to <ubuntu>.
[   21.960593] systemd[1]: Initializing machine ID from random generator.
[   21.980389] systemd[1]: Installed transient /etc/machine-id file.
[   23.184009] systemd[1]: Reached target Swap.
[[0;32m  OK  [0m] Reached target Swap.
[   23.344938] systemd[1]: Created slice User and Session Slice.
[[0;32m  OK  [0m] Created slice User and Session Slice.
[   23.452581] systemd[1]: Listening on Journal Socket.
[[0;32m  OK  [0m] Listening on Journal Socket.
[   23.520366] systemd[1]: Listening on Device-mapper event daemon FIFOs.
[[0;32m  OK  [0m] Listening on Device-mapper event daemon FIFOs.
[   23.720334] systemd[1]: Listening on /dev/initctl Compatibility Named Pipe.
[[0;32m  OK  [0m] Listening on /dev/initctl Compatibility Named Pipe.
[   23.968446] systemd[1]: Reached target Encrypted Volumes.
[[0;32m  OK  [0m] Reached target Encrypted Volumes.
[   24.168694] systemd[1]: Set up automount Arbitrary Executable File Formats File System Automount Point.
[[0;32m  OK  [0m] Set up automount Arbitrary Executab...ats File System Automount Point.
[   24.324127] systemd[1]: Created slice System Slice.
[[0;32m  OK  [0m] Created slice System Slice.
[   24.340090] systemd[1]: Starting Uncomplicated firewall...
         Starting Uncomplicated firewall...
[   24.424653] systemd[1]: Starting Nameserver information manager...
         Starting Nameserver information manager...
[   24.604734] systemd[1]: Started Forward Password Requests to Wall Directory Watch.
[[0;32m  OK  [0m] Started Forward Password Requests to Wall Directory Watch.
[   24.840153] systemd[1]: Starting Remount Root and Kernel File Systems...
[   24.866398] EXT4-fs (sda1): re-mounted. Opts: (null)
         Starting Remount Root and Kernel File Systems...
[   24.989813] systemd[1]: Listening on udev Kernel Socket.
[[0;32m  OK  [0m] Listening on udev Kernel Socket.
[   25.099860] systemd[1]: Mounting POSIX Message Queue File System...
         Mounting POSIX Message Queue File System...
[   25.372274] systemd[1]: Starting Load Kernel Modules...
         Starting Load Kernel Modules...
[   25.446363] systemd[1]: Listening on udev Control Socket.
[[0;32m  OK  [0m] Listening on udev Control Socket.
[   25.570499] Loading iSCSI transport class v2.0-870.
[   25.735173] systemd[1]: Reached target Slices.
[[0;32m  OK  [0m] Reached target Slices.
[   25.832268] systemd[1]: Created slice system-serial\x2dgetty.slice.
[[0;32m  OK  [0[   25.945345] iscsi: registered transport (tcp)
m] Created slice system-serial\x2dgetty.slice.
[   26.061259] systemd[1]: Listening on Syslog Socket.
[[0;32m  OK  [0m] Listening on Syslog Socket.
[   26.135776] iscsi: registered transport (iser)
[   26.143944] systemd[1]: Reached target User and Group Name Lookups.
[[0;32m  OK  [0m] Reached target User and Group Name Lookups.
[   26.152333] systemd[1]: Listening on Journal Audit Socket.
[[0;32m  OK  [0m] Listening on Journal Audit Socket.
[   26.154549] systemd[1]: Listening on Journal Socket (/dev/log).
[[0;32m  OK  [0m] Listening on Journal Socket (/dev/log).
[   26.168783] systemd[1]: Starting Journal Service...
         Starting Journal Service...
[   26.183785] systemd[1]: Mounting Debug File System...
         Mounting Debug File System...
[   26.224075] systemd[1]: Starting Set console keymap...
         Starting Set console keymap...
[   26.408369] systemd[1]: Started Trigger resolvconf update for networkd DNS.
[[0;32m  OK  [0m] Started Trigger resolvconf update for networkd DNS.
[   26.587913] systemd[1]: Listening on LVM2 metadata daemon socket.
[[0;32m  OK  [0m] Listening on LVM2 metadata daemon socket.
[   26.660552] systemd[1]: Starting Monitoring of LVM2 mirrors, snapshots etc. using dmeventd or progress polling...
         Starting Monitoring of LVM2 mirrors... dmeventd or progress polling...
[   26.832276] systemd[1]: Mounting Huge Pages File System...
         Mounting Huge Pages File System...
[   26.899893] systemd[1]: Listening on LVM2 poll daemon socket.
[[0;32m  OK  [0m] Listening on LVM2 poll daemon socket.
[   26.984161] systemd[1]: Starting Create list of required static device nodes for the current kernel...
         Starting Create list of required st... nodes for the current kernel...
[   27.321556] systemd[1]: Mounted Debug File System.
[[0;32m  OK  [0m] Mounted Debug File System.
[   27.484250] systemd[1]: Mounted POSIX Message Queue File System.
[[0;32m  OK  [0m] Mounted POSIX Message Queue File System.
[   27.696772] systemd[1]: Mounted Huge Pages File System.
[[0;32m  OK  [0m] Mounted Huge Pages File System.
[   27.916691] systemd[1]: Started Journal Service.
[[0;32m  OK  [0m] Started Journal Service.
[[0;32m  OK  [0m] Started Uncomplicated firewall.
[[0;32m  OK  [0m] Started Remount Root and Kernel File Systems.
[[0;32m  OK  [0m] Started Load Kernel Modules.
[[0;32m  OK  [0m] Started Set console keymap.
[[0;32m  OK  [0m] Started Create list of required sta...ce nodes for the current kernel.
[[0;32m  OK  [0m] Started Nameserver information manager.
[[0;32m  OK  [0m] Started LVM2 metadata daemon.
         Starting Create Static Device Nodes in /dev...
         Starting Apply Kernel Variables...
         Mounting FUSE Control File System...
         Starting udev Coldplug all Devices...
         Starting Initial cloud-init job (pre-networking)...
         Starting Load/Save Random Seed...
         Starting Flush Journal to Persistent Storage...
[[0;32m  OK  [0m] Mounted FUSE Control File System.
[[0;32m  OK  [0m] Started Create Static Device Nodes in /dev.
[[0;32m  OK  [0m] Started Apply Kernel Variables.
[[0;32m  OK  [0m] Started Load/Save Random Seed.
[[0;32m  OK  [0m] Started Monitoring of LVM2 mirrors,...ng dmeventd or progress polling.
[[0;32m  OK  [0m] Started udev Coldplug all Devices.
         Starting udev Kernel Device Manager...
[[0;32m  OK  [0m] Started Flush Journal to Persistent Storage.
[[0;32m  OK  [0m] Started udev Kernel Device Manager.
[[0;32m  OK  [0m] Started Dispatch Password Requests to Console Directory Watch.
[[0;32m  OK  [0m] Reached target Local File Systems (Pre).
[[0;32m  OK  [0m] Reached target Local File Systems.
         Starting Create Volatile Files and Directories...
         Starting LSB: AppArmor initialization...
         Starting Tell Plymouth To Write Out Runtime Data...
         Starting Set console font and keymap...
         Starting Commit a transient machine-id on disk...
[[0;32m  OK  [0m] Found device /dev/ttyS0.
[[0;32m  OK  [0m] Started Tell Plymouth To Write Out Runtime Data.
[[0;32m  OK  [0m] Started Commit a transient machine-id on disk.
[[0;32m  OK  [0m] Started Create Volatile Files and Directories.
         Starting Update UTMP about System Boot/Shutdown...
[[0;32m  OK  [0m] Reached target System Time Synchronized.
[[0;32m  OK  [0m] Started Update UTMP about System Boot/Shutdown.
[[0;32m  OK  [0m] Listening on Load/Save RF Kill Switch Status /dev/rfkill Watch.
[[0;32m  OK  [0m] Started Set console font and keymap.
[[0;32m  OK  [0m] Created slice system-getty.slice.
[[0;32m  OK  [0m] Started LSB: AppArmor initialization.
[   32.037099] cloud-init[453]: Cloud-init v. 0.7.9 running 'init-local' at Mon, 21 Aug 2017 18:06:00 +0000. Up 31.37 seconds.
[[0;32m  OK  [0m] Started Initial cloud-init job (pre-networking).
[[0;32m  OK  [0m] Reached target Network (Pre).
         Starting Raise network interfaces...
[[0;32m  OK  [0m] Started Raise network interfaces.
[[0;32m  OK  [0m] Reached target Network.
         Starting Initial cloud-init job (metadata service crawler)...
[   34.902159] cloud-init[947]: Cloud-init v. 0.7.9 running 'init' at Mon, 21 Aug 2017 18:06:02 +0000. Up 33.25 seconds.
[   35.041911] cloud-init[947]: ci-info: ++++++++++++++++++++++++++++++++++++++Net device info++++++++++++++++++++++++++++++++++++++
[[0;32m  OK  [0m] Started Initial cloud-init job (metadata service crawler).
[[0;32m  OK  [0m] Reached target System Initialization.
[   35.163018] cloud-init[947]: ci-info: +--------+-------+----------------------------+---------------+-------+-------------------+
         Starting Socket activation for snappy daemon.
[[0;32m  OK  [0m] Started Daily Cleanup of Temporary Directories.
[   35.262848] cloud-init[947]: ci-info: | Device |   Up  |          Address           |      Mask     | Scope |     Hw-Address    |
[   35.741231] [cloud-init[0;32m  OK  [0m[947]: ] ci-info: +--------+-------+----------------------------+---------------+-------+-------------------+Started Daily apt activities.

[   35.742791] cloud-init[947]: ci-info: |   lo   |  True |         127.0.0.1          |   255.0.0.0   |   .   |         .         |
[   36.092775]          cloud-initStarting LXD - unix socket.[947]: 
ci-info: |   lo   |  True |          ::1/128           |       .       |  host |         .         |
[   36.276783] [cloud-init[0;32m  OK  [0m[947]: ] ci-info: | enp0s3 |  True |         10.0.2.15          | 255.255.255.0 |   .   | 02:55:49:e6:89:8c |Started Timer to automatically refresh installed snaps.

[[0;32m  OK  [0m] Reached target Timers.
[[0;32m  OK  [0m] Listening on D-Bus System Message Bus Socket.
[   36.278282] cloud-init[947]: ci-info: | enp0s3 |  True | fe80::55:49ff:fee6:898c/64 |       .       |  link | 02:55:49:e6:89:8c |
[   36.624901] [cloud-init[0;32m  OK  [0m[947]: ] ci-info: | enp0s8 | False |             .              |       .       |   .   | 08:00:27:33:56:a7 |Listening on ACPID Listen Socket.

[   36.625314] [cloud-init[0;32m  OK  [0m[947]: ] ci-info: +--------+-------+----------------------------+---------------+-------+-------------------+Listening on UUID daemon activation socket.

[   36.814145] cloud-init[947]: ci-info: +++++++++++++++++++++++++++Route IPv4 info++++++++++++++++++++++++++++
[   37.153324] [cloud-init[0;32m  OK  [0m[947]: ] ci-info: +-------+-------------+----------+---------------+-----------+-------+Started ACPI Events Check.

[   37.154833] [cloud-init[0;32m  OK  [0m[947]: ] ci-info: | Route | Destination | Gateway  |    Genmask    | Interface | Flags |Reached target Paths.

[   37.335425] [cloud-init[0;32m  OK  [0m[947]: ] ci-info: +-------+-------------+----------+---------------+-----------+-------+Reached target Network is Online.

[   37.499238] cloud-init[947]: ci-info: |   0   |   0.0.0.0   | 10.0.2.2 |    0.0.0.0    |   enp0s3  |   UG  |
[   37.668439]          cloud-initStarting iSCSI initiator daemon (iscsid)...[947]: 
ci-info: |   1   |   10.0.2.0  | 0.0.0.0  | 255.255.255.0 |   enp0s3  |   U   |
[   37.837746] [cloud-init[0;32m  OK  [0m[947]: ] ci-info: +-------+-------------+----------+---------------+-----------+-------+Reached target Cloud-config availability.

[   37.839264] cloud-init[947]: Generating public/private rsa key pair.
[   38.116969] [cloud-init[0;32m  OK  [0m[947]: ] Your identification has been saved in /etc/ssh/ssh_host_rsa_key.Listening on Socket activation for snappy daemon.

[[0;32m  OK  [0m] Listening on LXD - unix socket.
[   38.118776] cloud-init[947]: Your public key has been saved in /etc/ssh/ssh_host_rsa_key.pub.
[[0;32m  OK  [0m] Reached target Sockets.
[[0;32m  OK  [0m] Reached target Basic System.
[   38.407376] cloud-init[947]: The key fingerprint is:
[   38.569143]          cloud-initStarting /etc/rc.local Compatibility...[947]: 
SHA256:sYEeZPZp4AxUtQHXZ47J90Te1Ue+HGtVwAPo1yizlZQ root@ubuntu-xenial
[   38.666033]          cloud-initStarting LSB: Record successful boot for GRUB...[947]: 
The key's randomart image is:
[   38.790073] [cloud-init[0;32m  OK  [0m[947]: ] +---[RSA 2048]----+Started Unattended Upgrades Shutdown.

[   38.790493] cloud-init[947]: |   .o.Bo+. ..+.o+|
[   38.932870] [cloud-init[0;32m  OK  [0m[947]: ] |     B = +o E +.=|Started Regular background program processing daemon.

[   38.933283] cloud-init[947]: |      = Bo B * +=|
         Starting Pollinate to seed the pseudo random number generator...
[   39.086713] cloud-init[947]: |     . o +B B = *|
[   39.176537] [cloud-init[0;32m  OK  [0m[947]: ] |      . S  B o = |Started FUSE filesystem for LXC.

[   39.176988] cloud-init[947]: |          .   o  |
[   39.313010] [cloud-init[0;32m  OK  [0m[947]: ] |                 |Started D-Bus System Message Bus.

[   39.313640] cloud-init[947]: |                 |
[   39.390297] cloud-init[947]: |                 |
[   39.396463] cloud-init[947]: +----[SHA256]-----+
[   39.448815] cloud-init[947]: Generating public/private dsa key pair.
[   39.487269] cloud-init[947]: Your identification has been saved in /etc/ssh/ssh_host_dsa_key.
[   39.554631] cloud-init[947]: Your public key has been saved in /etc/ssh/ssh_host_dsa_key.pub.
[   39.629691] cloud-init[947]: The key fingerprint is:
[   39.637677] cloud-init[947]: SHA256:/QpacqCabhbj76FlNry6IA0CQt0qn+CrSs9RBRq47a4 root@ubuntu-xenial
[   39.745077]          cloud-initStarting LXD - container startup/shutdown...[947]: 
The key's randomart image is:
[   39.864281]          cloud-initStarting Accounts Service...[947]: 
+---[DSA 1024]----+
[   39.910377]          cloud-initStarting Login Service...[947]: 
| .o...           |
[   39.948321] cloud-init[947]: |.. .o..          |
         Starting Apply the settings specified in cloud-config...
[   39.959925] cloud-init[947]: |o o..  .         |
[   39.984461] cloud-init[947]: |o+ o  .  .       |
[   39.996224] cloud-init[947]: |+ = ... S .      |
         Starting System Logging Service...
[   40.027539] cloud-init[947]: |.+o=.. .   .     |
[   40.039348] cloud-init[947]: |oo++O . +   .    |
[   40.042017] cloud-init[947]: |oo*O.+ = . .     |
[[0;32m  OK  [0m] Started ACPI event daemon.
[[0;32m  OK  [0m] Started Deferred execution scheduler.
         Starting LSB: MD monitoring daemon...
[   40.092860] cloud-init[947]: |=EOB+ .   .      |
[   40.151011] cloud-init[947]: +----[SHA256]-----+
[   40.176357] cloud-init[947]: Generating public/private ecdsa key pair.
[   40.180501] cloud-init[947]: Your identification has been saved in /etc/ssh/ssh_host_ecdsa_key.
[   40.192866] cloud-init[947]: Your public key has been saved in /etc/ssh/ssh_host_ecdsa_key.pub.
[   40.197106] cloud-init[947]: The key fingerprint is:
[   40.221001] cloud-init[947]: SHA256:iiwxhh7uZZXQ/KHrLqxgilBXI5BENpQnBw5/Oe/W1wM root@ubuntu-xenial
[   40.252379] cloud-init[947]: The key's randomart image is:
[[0;32m  OK  [0m] Started Snappy daemon.
[   40.263981] cloud-init[947]: +---[ECDSA 256]---+
         Starting Auto import assertions from block devices...
[   40.303132] cloud-init[947]: |.+O+             |
[   40.325866] [cloud-init[0;32m  OK  [0m[947]: ] | =+o=.           |Started iSCSI initiator daemon (iscsid).

[   40.326278] cloud-init[947]: |  o==oo.         |
[   40.365773] [cloud-init[0;32m  OK  [0m[947]: ] | . ..=+..        |Started /etc/rc.local Compatibility.

[   40.366204] cloud-init[947]: |..= .+..S E      |
[   40.456933] [cloud-init[0;32m  OK  [0m[947]: ] |oo.=.o.o   o     |Started Auto import assertions from block devices.

[   40.532954] cloud-init[947]: |o+ooo.+ . . o    |
[   40.572238] cloud-init[947]: |B o+..   .   .   |
         Starting Login to default iSCSI targets...
[   40.611977] cloud-init[947]: |oo. oo           |
[   40.674729] cloud-init[947]: +----[SHA256]-----+
[[0;32m  OK  [0m] Started LSB: Record successful boot for GRUB.
[   40.674841] cloud-init[947]: Generating public/private ed25519 key pair.
[   40.792401] cloud-init[947]: Your identification has been saved in /etc/ssh/ssh_host_ed25519_key.
[   40.792728] cloud-init[947]: Your public key has been saved in /etc/ssh/ssh_host_ed25519_key.pub.
[[0;32m  OK  [0m] Started Login Service.
[   40.792838] cloud-init[947]: The key fingerprint is:
[   40.972426] cloud-init[947]: SHA256:CZKOuHBCYOfpig92rnHhKOFjgWhSF8TsfvU3k0Xhjr4 root@ubuntu-xenial
[[0;32m  OK  [0m] Started System Logging Service.
[   40.972670] cloud-init[947]: The key's randomart image is:
[   41.004472] cloud-init[947]: +--[ED25519 256]--+
[   41.022958] cloud-init[947]: |.. =o         .. |
[   41.061094] cloud-init[947]: |o o +o       ..  |
[   41.101276] cloud-init[947]: | ..++ .      ..  |
[   41.101492] cloud-init[947]: |+o.+.. ...   o.  |
[[0;32m  OK  [0m] Started LSB: MD monitoring daemon.
[   41.101597] cloud-init[947]: |Ooo+.  .S.  .o.  |
[   41.216279] cloud-init[947]: |*== o .   ..=    |
[   41.235085] cloud-init[947]: |=O + .     ..o   |
[   41.280949] cloud-init[947]: |+o*          .   |
[   41.308364] cloud-init[947]: | .o.        E    |
[   41.344313] cloud-init[947]: +----[SHA256]-----+
[   41.397417] cloud-init[1105]: Generating locales (this might take a while)...
         Starting Authenticate and Authorize Users to Run Privileged Tasks...
[[0;32m  OK  [0m] Started Login to default iSCSI targets.
[[0;32m  OK  [0m] Reached target Remote File Systems (Pre).
[[0;32m  OK  [0m] Reached target Remote File Systems.
         Starting LSB: Set the CPU Frequency Scaling governor to "ondemand"...
         Starting LSB: VirtualBox Linux Additions...
         Starting Permit User Sessions...
         Starting LSB: automatic crash report generation...
         Starting LSB: daemon to balance interrupts for SMP systems...
[[0;32m  OK  [0m] Started LSB: Set the CPU Frequency Scaling governor to "ondemand".
[[0;32m  OK  [0m] Started Permit User Sessions.
[[0;32m  OK  [0m] Started Pollinate to seed the pseudo random number generator.
         Starting OpenBSD Secure Shell server...
         Starting Terminate Plymouth Boot Screen...
         Starting Hold until boot process finishes up...
[[0;32m  OK  [0m] Started LSB: automatic crash report generation.
[[0;32m  OK  [0m] Started Terminate Plymouth Boot Screen.
[[0;32m  OK  [0m] Started Hold until boot process finishes up.
[[0;32m  OK  [0m] Started Serial Getty on ttyS0.
[[0;32m  OK  [0m] Started Getty on tty1.
[[0;32m  OK  [0m] Reached target Login Prompts.
         Starting Set console scheme...
[[0;32m  OK  [0m] Started LSB: daemon to balance interrupts for SMP systems.
[[0;32m  OK  [0m] Started Authenticate and Authorize Users to Run Privileged Tasks.
[[0;32m  OK  [0m] Started Accounts Service.
[[0;32m  OK  [0m] Started Set console scheme.
[[0;32m  OK  [0m] Started OpenBSD Secure Shell server.
[[0;32m  OK  [0m] Started LSB: VirtualBox Linux Additions.
[   43.294446] cloud-init[1105]:   en_US.UTF-8... done
[   43.336459] cloud-init[1105]: Generation complete.
[[0;32m  OK  [0m] Started LXD - container startup/shutdown.
[[0;32m  OK  [0m] Reached target Multi-User System.
[[0;32m  OK  [0m] Reached target Graphical Interface.
         Starting Update UTMP about System Runlevel Changes...
[[0;32m  OK  [0m] Started Update UTMP about System Runlevel Changes.
         Stopping OpenBSD Secure Shell server...
[[0;32m  OK  [0m] Stopped OpenBSD Secure Shell server.
         Starting OpenBSD Secure Shell server...
[[0;32m  OK  [0m] Started OpenBSD Secure Shell server.
[   46.291363] cloud-init[1105]: Cloud-init v. 0.7.9 running 'modules:config' at Mon, 21 Aug 2017 18:06:09 +0000. Up 40.26 seconds.
[[0;32m  OK  [0m] Started Apply the settings specified in cloud-config.
         Starting Execute cloud user/final scripts...
ci-info: no authorized ssh keys fingerprints found for user ubuntu.
<14>Aug 21 18:06:16 ec2: 
<14>Aug 21 18:06:16 ec2: #############################################################
<14>Aug 21 18:06:16 ec2: -----BEGIN SSH HOST KEY FINGERPRINTS-----
<14>Aug 21 18:06:16 ec2: 1024 SHA256:/QpacqCabhbj76FlNry6IA0CQt0qn+CrSs9RBRq47a4 root@ubuntu-xenial (DSA)
<14>Aug 21 18:06:16 ec2: 256 SHA256:iiwxhh7uZZXQ/KHrLqxgilBXI5BENpQnBw5/Oe/W1wM root@ubuntu-xenial (ECDSA)
<14>Aug 21 18:06:16 ec2: 256 SHA256:CZKOuHBCYOfpig92rnHhKOFjgWhSF8TsfvU3k0Xhjr4 root@ubuntu-xenial (ED25519)
<14>Aug 21 18:06:16 ec2: 2048 SHA256:sYEeZPZp4AxUtQHXZ47J90Te1Ue+HGtVwAPo1yizlZQ root@ubuntu-xenial (RSA)
<14>Aug 21 18:06:16 ec2: -----END SSH HOST KEY FINGERPRINTS-----
<14>Aug 21 18:06:16 ec2: #############################################################
-----BEGIN SSH HOST KEY KEYS-----
ecdsa-sha2-nistp256 AAAAE2VjZHNhLXNoYTItbmlzdHAyNTYAAAAIbmlzdHAyNTYAAABBBPer3D3iwZmn8F4byGueZjMpz+uiPetmytMZxy/wxAdsFQCLaOUMoNKU+aEEAnxbEsDEfmD/yteSQ43l5fJHGX8= root@ubuntu-xenial
ssh-ed25519 AAAAC3NzaC1lZDI1NTE5AAAAIIQXhgHY9fmz7vUvU/F9Dd+MRXjz38X03PyoGF/scbbu root@ubuntu-xenial
ssh-rsa AAAAB3NzaC1yc2EAAAADAQABAAABAQCslcjka3ymKA4H1NBvMOhB+xYpjwtN2oPiq9yT0S2zJJY1eXBJ68E2/yCRSt2naicfTlVNLvbXCCjbqE8vZKXkWbDpUCdKQCQZzh8AVWPylS9edv+UUHPiREo0oUqywQj/GG/EjX3lApTnayq9EfFzogdPlX+2jz9IlUa2e3Ctm8e0xpfEKNTxJbQ7whmSryWofnuPfOXvLqKk5JE0zcg1cz0H1uhxnCC6/yuwnXK/TyFoN4yXbZNFvbvQeuQf/LyqtOkOtr20pHAawJrP+q1CJhl92V5ZeqhjcbeKXNJ3yPynHB3HXMI0HMXh/Gre7wvDyI46x2EY0xgw8rv80F0/ root@ubuntu-xenial
-----END SSH HOST KEY KEYS-----
[   47.449056] cloud-init[1314]: Cloud-init v. 0.7.9 running 'modules:final' at Mon, 21 Aug 2017 18:06:16 +0000. Up 46.80 seconds.
[   47.601755] cloud-init[1314]: ci-info: no authorized ssh keys fingerprints found for user ubuntu.
[   47.730815] cloud-init[1314]: Cloud-init v. 0.7.9 finished at Mon, 21 Aug 2017 18:06:16 +0000. Datasource DataSourceNoCloud [seed=/dev/sdb][dsmode=net].  Up 47.44 seconds

Ubuntu 16.04.2 LTS ubuntu-xenial ttyS0

ubuntu-xenial login: 